practica1/app/build/intermediates/manifest_merge_blame_file/debug/manifest-merger-blame-debug-report.txt
1<?xml version="1.0" encoding="utf-8"?>
2<manifest xmlns:android="http://schemas.android.com/apk/res/android"
3    package="com.example.practica1"
4    android:versionCode="1"
5    android:versionName="1.0" >
6
7    <uses-sdk
8        android:minSdkVersion="22"
8-->src\main\AndroidManifest.xml
9        android:targetSdkVersion="30" />
9-->src\main\AndroidManifest.xml
10
11    <application
11-->src\main\AndroidManifest.xml:5:5-50:19
12        android:allowBackup="true"
12-->src\main\AndroidManifest.xml:6:9-35
13        android:appComponentFactory="androidx.core.app.CoreComponentFactory"
13-->[androidx.core:core:1.5.0] AndroidManifest.xml:24:18-86
14        android:debuggable="true"
15        android:icon="@mipmap/ic_launcher"
15-->src\main\AndroidManifest.xml:7:9-43
16        android:label="@string/app_name"
16-->src\main\AndroidManifest.xml:8:9-41
17        android:roundIcon="@mipmap/ic_launcher_round"
17-->src\main\AndroidManifest.xml:9:9-54
18        android:supportsRtl="true"
18-->src\main\AndroidManifest.xml:10:9-35
19        android:testOnly="true"
20        android:theme="@style/AppTheme" >
20-->src\main\AndroidManifest.xml:11:9-40
21        <activity
21-->src\main\AndroidManifest.xml:12:9-14:40
22            android:name="com.example.practica1.Settings"
22-->src\main\AndroidManifest.xml:13:13-37
23            android:exported="false" />
23-->src\main\AndroidManifest.xml:14:13-37
24        <activity
24-->src\main\AndroidManifest.xml:15:9-17:39
25            android:name="com.example.practica1.Result"
25-->src\main\AndroidManifest.xml:16:13-35
26            android:exported="true" />
26-->src\main\AndroidManifest.xml:17:13-36
27        <activity
27-->src\main\AndroidManifest.xml:18:9-20:39
28            android:name="com.example.practica1.ThirdQuest"
28-->src\main\AndroidManifest.xml:19:13-39
29            android:exported="true" />
29-->src\main\AndroidManifest.xml:20:13-36
30        <activity
30-->src\main\AndroidManifest.xml:21:9-23:39
31            android:name="com.example.practica1.FourthQuest"
31-->src\main\AndroidManifest.xml:22:13-40
32            android:exported="true" />
32-->src\main\AndroidManifest.xml:23:13-36
33        <activity
33-->src\main\AndroidManifest.xml:24:9-26:39
34            android:name="com.example.practica1.ChangeUser"
34-->src\main\AndroidManifest.xml:25:13-39
35            android:exported="true" />
35-->src\main\AndroidManifest.xml:26:13-36
36        <activity
36-->src\main\AndroidManifest.xml:27:9-29:39
37            android:name="com.example.practica1.AddUser"
37-->src\main\AndroidManifest.xml:28:13-36
38            android:exported="true" />
38-->src\main\AndroidManifest.xml:29:13-36
39        <activity
39-->src\main\AndroidManifest.xml:30:9-32:39
40            android:name="com.example.practica1.EditUser"
40-->src\main\AndroidManifest.xml:31:13-37
41            android:exported="true" />
41-->src\main\AndroidManifest.xml:32:13-36
42        <activity
42-->src\main\AndroidManifest.xml:33:9-41:20
43            android:name="com.example.practica1.Menu"
43-->src\main\AndroidManifest.xml:34:13-33
44            android:exported="true" >
44-->src\main\AndroidManifest.xml:35:13-36
45            <intent-filter>
45-->src\main\AndroidManifest.xml:36:13-40:29
46                <action android:name="android.intent.action.MAIN" />
46-->src\main\AndroidManifest.xml:37:17-69
46-->src\main\AndroidManifest.xml:37:25-66
47
48                <category android:name="android.intent.category.LAUNCHER" />
48-->src\main\AndroidManifest.xml:39:17-77
48-->src\main\AndroidManifest.xml:39:27-74
49            </intent-filter>
50        </activity>
51        <activity
51-->src\main\AndroidManifest.xml:42:9-44:39
52            android:name="com.example.practica1.SecondQuest"
52-->src\main\AndroidManifest.xml:43:13-40
53            android:exported="true" />
53-->src\main\AndroidManifest.xml:44:13-36
54        <activity android:name="com.example.practica1.FirstQuest" />
54-->src\main\AndroidManifest.xml:45:9-48
54-->src\main\AndroidManifest.xml:45:19-45
55
56        <meta-data
56-->src\main\AndroidManifest.xml:47:9-49:57
57            android:name="preloaded_fonts"
57-->src\main\AndroidManifest.xml:48:13-43
58            android:resource="@array/preloaded_fonts" />
58-->src\main\AndroidManifest.xml:49:13-54
59
60        <service
60-->[androidx.room:room-runtime:2.4.0-beta01] AndroidManifest.xml:25:9-28:40
61            android:name="androidx.room.MultiInstanceInvalidationService"
61-->[androidx.room:room-runtime:2.4.0-beta01] AndroidManifest.xml:26:13-74
62            android:directBootAware="true"
62-->[androidx.room:room-runtime:2.4.0-beta01] AndroidManifest.xml:27:13-43
63            android:exported="false" />
63-->[androidx.room:room-runtime:2.4.0-beta01] AndroidManifest.xml:28:13-37
64    </application>
65
66</manifest>